[debug] [2025-02-05T10:02:49.649Z] ----------------------------------------------------------------------
[debug] [2025-02-05T10:02:49.652Z] Command:       /usr/local/Cellar/node/20.5.1/bin/node /usr/local/bin/firebase deploy
[debug] [2025-02-05T10:02:49.653Z] CLI Version:   12.5.2
[debug] [2025-02-05T10:02:49.653Z] Platform:      darwin
[debug] [2025-02-05T10:02:49.653Z] Node Version:  v20.5.1
[debug] [2025-02-05T10:02:49.653Z] Time:          Wed Feb 05 2025 12:02:49 GMT+0200 (Eastern European Standard Time)
[debug] [2025-02-05T10:02:49.653Z] ----------------------------------------------------------------------
[debug] 
[debug] [2025-02-05T10:02:49.656Z] >>> [apiv2][query] GET https://firebase-public.firebaseio.com/cli.json [none]
[debug] [2025-02-05T10:02:49.788Z] > command requires scopes: ["email","openid","https://www.googleapis.com/auth/cloudplatformprojects.readonly","https://www.googleapis.com/auth/firebase","https://www.googleapis.com/auth/cloud-platform"]
[debug] [2025-02-05T10:02:49.789Z] > authorizing via signed-in user (eoirheorhihe@gmail.com)
[debug] [2025-02-05T10:02:49.789Z] [iam] checking project sars2-fcd4c for permissions ["firebase.projects.get","firebasehosting.sites.update"]
[debug] [2025-02-05T10:02:49.790Z] > refreshing access token with scopes: []
[debug] [2025-02-05T10:02:49.791Z] >>> [apiv2][query] POST https://www.googleapis.com/oauth2/v3/token [none]
[debug] [2025-02-05T10:02:49.791Z] >>> [apiv2][body] POST https://www.googleapis.com/oauth2/v3/token [omitted]
[debug] [2025-02-05T10:02:49.888Z] <<< [apiv2][status] POST https://www.googleapis.com/oauth2/v3/token 400
[debug] [2025-02-05T10:02:49.888Z] <<< [apiv2][body] POST https://www.googleapis.com/oauth2/v3/token [omitted]
[debug] [2025-02-05T10:02:49.889Z] >>> [apiv2][query] POST https://cloudresourcemanager.googleapis.com/v1/projects/sars2-fcd4c:testIamPermissions [none]
[debug] [2025-02-05T10:02:49.889Z] >>> [apiv2][(partial)header] POST https://cloudresourcemanager.googleapis.com/v1/projects/sars2-fcd4c:testIamPermissions x-goog-quota-user=projects/sars2-fcd4c
[debug] [2025-02-05T10:02:49.889Z] >>> [apiv2][body] POST https://cloudresourcemanager.googleapis.com/v1/projects/sars2-fcd4c:testIamPermissions {"permissions":["firebase.projects.get","firebasehosting.sites.update"]}
[debug] [2025-02-05T10:02:50.101Z] <<< [apiv2][status] GET https://firebase-public.firebaseio.com/cli.json 200
[debug] [2025-02-05T10:02:50.101Z] <<< [apiv2][body] GET https://firebase-public.firebaseio.com/cli.json {"cloudBuildErrorAfter":1594252800000,"cloudBuildWarnAfter":1590019200000,"defaultNode10After":1594252800000,"minVersion":"3.0.5","node8DeploysDisabledAfter":1613390400000,"node8RuntimeDisabledAfter":1615809600000,"node8WarnAfter":1600128000000}
[debug] [2025-02-05T10:02:50.669Z] <<< [apiv2][status] POST https://cloudresourcemanager.googleapis.com/v1/projects/sars2-fcd4c:testIamPermissions 401
[debug] [2025-02-05T10:02:50.669Z] <<< [apiv2][body] POST https://cloudresourcemanager.googleapis.com/v1/projects/sars2-fcd4c:testIamPermissions {"error":{"code":401,"message":"Request had invalid authentication credentials. Expected OAuth 2 access token, login cookie or other valid authentication credential. See https://developers.google.com/identity/sign-in/web/devconsole-project.","status":"UNAUTHENTICATED","details":[{"@type":"type.googleapis.com/google.rpc.ErrorInfo","reason":"ACCESS_TOKEN_TYPE_UNSUPPORTED","metadata":{"method":"google.cloudresourcemanager.v1.Projects.TestIamPermissions","service":"cloudresourcemanager.googleapis.com"}}]}}
[debug] [2025-02-05T10:02:50.670Z] [iam] error while checking permissions, command may fail: FirebaseError: HTTP Error: 401, Request had invalid authentication credentials. Expected OAuth 2 access token, login cookie or other valid authentication credential. See https://developers.google.com/identity/sign-in/web/devconsole-project.
[debug] [2025-02-05T10:02:50.670Z] > refreshing access token with scopes: []
[debug] [2025-02-05T10:02:50.670Z] >>> [apiv2][query] POST https://www.googleapis.com/oauth2/v3/token [none]
[debug] [2025-02-05T10:02:50.670Z] >>> [apiv2][body] POST https://www.googleapis.com/oauth2/v3/token [omitted]
[debug] [2025-02-05T10:02:50.702Z] <<< [apiv2][status] POST https://www.googleapis.com/oauth2/v3/token 400
[debug] [2025-02-05T10:02:50.702Z] <<< [apiv2][body] POST https://www.googleapis.com/oauth2/v3/token [omitted]
[debug] [2025-02-05T10:02:50.703Z] >>> [apiv2][query] GET https://firebase.googleapis.com/v1beta1/projects/sars2-fcd4c [none]
[debug] [2025-02-05T10:02:50.784Z] <<< [apiv2][status] GET https://firebase.googleapis.com/v1beta1/projects/sars2-fcd4c 401
[debug] [2025-02-05T10:02:50.784Z] <<< [apiv2][body] GET https://firebase.googleapis.com/v1beta1/projects/sars2-fcd4c {"error":{"code":401,"message":"Request had invalid authentication credentials. Expected OAuth 2 access token, login cookie or other valid authentication credential. See https://developers.google.com/identity/sign-in/web/devconsole-project.","status":"UNAUTHENTICATED"}}
[debug] [2025-02-05T10:02:50.784Z] HTTP Error: 401, Request had invalid authentication credentials. Expected OAuth 2 access token, login cookie or other valid authentication credential. See https://developers.google.com/identity/sign-in/web/devconsole-project.
[debug] [2025-02-05T10:02:50.785Z] FirebaseError: HTTP Error: 401, Request had invalid authentication credentials. Expected OAuth 2 access token, login cookie or other valid authentication credential. See https://developers.google.com/identity/sign-in/web/devconsole-project.
    at responseToError (/usr/local/Cellar/firebase-cli/12.5.2/libexec/lib/node_modules/firebase-tools/lib/responseToError.js:49:12)
    at RetryOperation._fn (/usr/local/Cellar/firebase-cli/12.5.2/libexec/lib/node_modules/firebase-tools/lib/apiv2.js:285:77)
    at process.processTicksAndRejections (node:internal/process/task_queues:95:5)
[error] 
[error] Error: Failed to get Firebase project sars2-fcd4c. Please make sure the project exists and your account has permission to access it.
